\BOOKMARK [0][]{chapter.1}{\376\377\0001\000\040\000A\000x\000i\000o\000m\000s\000\040\000o\000f\000\040\000P\000r\000o\000b\000a\000b\000i\000l\000i\000t\000y}{}% 1
\BOOKMARK [0][]{chapter.2}{\376\377\0002\000\040\000C\000o\000m\000b\000i\000n\000a\000t\000i\000o\000n\000a\000l\000\040\000M\000e\000t\000h\000o\000d\000s}{}% 2
\BOOKMARK [0][]{chapter.3}{\376\377\0003\000\040\000C\000o\000n\000d\000i\000t\000i\000o\000n\000a\000l\000\040\000P\000r\000o\000b\000a\000b\000i\000l\000i\000t\000y\000\040\000a\000n\000d\000\040\000I\000n\000d\000e\000p\000e\000n\000d\000e\000n\000c\000e}{}% 3
\BOOKMARK [0][]{chapter.4}{\376\377\0004\000\040\000D\000i\000s\000t\000r\000i\000b\000u\000t\000i\000o\000n\000\040\000F\000u\000n\000c\000t\000i\000o\000n\000s\000\040\000a\000n\000d\000\040\000D\000i\000s\000c\000r\000e\000t\000e\000\040\000R\000a\000n\000d\000o\000m\000\040\000V\000a\000r\000i\000a\000b\000l\000e\000s}{}% 4
\BOOKMARK [1][]{section.4.1}{\376\377\0004\000.\0001\000\040\000R\000a\000n\000d\000o\000m\000\040\000V\000a\000r\000i\000a\000b\000l\000e\000s}{chapter.4}% 5
\BOOKMARK [1][]{section.4.2}{\376\377\0004\000.\0002\000\040\000D\000i\000s\000t\000r\000i\000b\000u\000t\000i\000o\000n\000\040\000F\000u\000n\000c\000t\000i\000o\000n\000s}{chapter.4}% 6
\BOOKMARK [1][]{section.4.3}{\376\377\0004\000.\0003\000\040\000D\000i\000s\000c\000r\000e\000t\000e\000\040\000R\000a\000n\000d\000o\000m\000\040\000V\000a\000r\000i\000a\000b\000l\000e\000s}{chapter.4}% 7
\BOOKMARK [1][]{section.4.4}{\376\377\0004\000.\0004\000\040\000E\000x\000p\000e\000c\000t\000a\000t\000i\000o\000n\000s\000\040\000o\000f\000\040\000D\000i\000s\000c\000r\000e\000t\000e\000\040\000R\000a\000n\000d\000o\000m\000\040\000V\000a\000r\000i\000a\000b\000l\000e\000s}{chapter.4}% 8
\BOOKMARK [1][]{section.4.5}{\376\377\0004\000.\0005\000\040\000V\000a\000r\000i\000a\000n\000c\000e\000s\000\040\000a\000n\000d\000\040\000M\000o\000m\000e\000n\000t\000s\000\040\000o\000f\000\040\000D\000i\000s\000c\000r\000e\000t\000e\000\040\000R\000a\000n\000d\000o\000m\000\040\000V\000a\000r\000i\000a\000b\000l\000e\000s}{chapter.4}% 9
\BOOKMARK [1][]{section.4.6}{\376\377\0004\000.\0006\000\040\000S\000t\000a\000n\000d\000a\000r\000d\000i\000z\000e\000d\000\040\000R\000a\000n\000d\000o\000m\000\040\000V\000a\000r\000i\000a\000b\000l\000e\000s}{chapter.4}% 10
\BOOKMARK [0][]{chapter.5}{\376\377\0005\000\040\000S\000p\000e\000c\000i\000a\000l\000\040\000D\000i\000s\000c\000r\000e\000t\000e\000\040\000D\000i\000s\000t\000r\000i\000b\000u\000t\000i\000o\000n\000s}{}% 11
\BOOKMARK [1][]{section.5.1}{\376\377\0005\000.\0001\000\040\000B\000e\000r\000n\000o\000u\000l\000l\000i\000\040\000R\000.\000V\000.\000'\000s\000\040\000a\000n\000d\000\040\000B\000i\000n\000o\000m\000i\000a\000l\000\040\000R\000.\000V\000.\000'\000s}{chapter.5}% 12
\BOOKMARK [1][]{section.5.2}{\376\377\0005\000.\0002\000\040\000P\000o\000i\000s\000s\000o\000n\000\040\000R\000.\000V\000.\000'\000s}{chapter.5}% 13
\BOOKMARK [1][]{section.5.3}{\376\377\0005\000.\0003\000\040\000G\000e\000o\000m\000e\000t\000r\000i\000c\000\040\000R\000.\000V\000.\000'\000s\000,\000\040\000N\000e\000g\000a\000t\000i\000v\000e\000\040\000B\000i\000n\000o\000m\000i\000a\000l\000\040\000R\000.\000V\000.\000'\000s\000\040\000a\000n\000d\000\040\000H\000y\000p\000e\000r\000g\000e\000o\000m\000e\000t\000r\000i\000c\000\040\000R\000.\000V\000.\000'\000s}{chapter.5}% 14
\BOOKMARK [0][]{chapter.6}{\376\377\0006\000\040\000C\000o\000n\000t\000i\000n\000u\000o\000u\000s\000\040\000R\000a\000n\000d\000o\000m\000\040\000V\000a\000r\000i\000a\000b\000l\000e\000s}{}% 15
\BOOKMARK [1][]{section.6.1}{\376\377\0006\000.\0001\000\040\000P\000r\000o\000b\000a\000b\000i\000l\000i\000t\000y\000\040\000D\000e\000n\000s\000i\000t\000y\000\040\000F\000u\000n\000c\000t\000i\000o\000n}{chapter.6}% 16
\BOOKMARK [1][]{section.6.2}{\376\377\0006\000.\0002\000\040\000T\000h\000e\000\040\000P\000r\000o\000b\000a\000b\000i\000l\000i\000t\000y\000\040\000D\000e\000n\000s\000i\000t\000y\000\040\000F\000u\000n\000c\000t\000i\000o\000n\000\040\000o\000f\000\040\000A\000\040\000F\000u\000n\000c\000t\000i\000o\000n\000\040\000o\000f\000\040\000A\000\040\000R\000.\000V\000.}{chapter.6}% 17
\BOOKMARK [1][]{section.6.3}{\376\377\0006\000.\0003\000\040\000E\000x\000p\000e\000c\000t\000a\000t\000i\000o\000n\000s\000\040\000a\000n\000d\000\040\000V\000a\000r\000i\000a\000n\000c\000e\000s}{chapter.6}% 18
\BOOKMARK [0][]{chapter.7}{\376\377\0007\000\040\000S\000p\000e\000c\000i\000a\000l\000\040\000C\000o\000n\000t\000i\000n\000u\000o\000u\000s\000\040\000D\000i\000s\000t\000r\000i\000b\000u\000t\000i\000o\000n\000s}{}% 19
\BOOKMARK [1][]{section.7.1}{\376\377\0007\000.\0001\000\040\000U\000n\000i\000f\000o\000r\000m\000\040\000R\000.\000V\000.\000'\000s}{chapter.7}% 20
\BOOKMARK [1][]{section.7.2}{\376\377\0007\000.\0002\000\040\000N\000o\000r\000m\000a\000l\000\040\000\050\000G\000a\000u\000s\000s\000i\000a\000n\000\051\000\040\000R\000.\000V\000.\000'\000s}{chapter.7}% 21
\BOOKMARK [1][]{section.7.3}{\376\377\0007\000.\0003\000\040\000G\000a\000m\000m\000a\000\040\000R\000.\000V\000.\000'\000s\000,\000\040\000E\000r\000l\000a\000n\000g\000\040\000R\000.\000V\000.\000'\000s\000\040\000a\000n\000d\000\040\000E\000x\000p\000o\000n\000e\000n\000t\000i\000a\000l\000\040\000R\000.\000V\000.\000'\000s}{chapter.7}% 22
\BOOKMARK [1][]{section.7.4}{\376\377\0007\000.\0004\000\040\000B\000e\000t\000a\000\040\000R\000.\000V\000.\000'\000s}{chapter.7}% 23
\BOOKMARK [0][]{chapter.8}{\376\377\0008\000\040\000B\000i\000v\000a\000r\000i\000a\000t\000e\000\040\000a\000n\000d\000\040\000M\000u\000l\000t\000i\000v\000a\000r\000i\000a\000t\000e\000\040\000D\000i\000s\000t\000r\000i\000b\000u\000t\000i\000o\000n\000s}{}% 24
\BOOKMARK [1][]{section.8.1}{\376\377\0008\000.\0001\000\040\000J\000o\000i\000n\000t\000\040\000D\000i\000s\000t\000r\000i\000b\000u\000t\000i\000o\000n\000s\000\040\000o\000f\000\040\000T\000w\000o\000\040\000o\000r\000\040\000M\000o\000r\000e\000\040\000R\000.\000V\000.\000'\000s}{chapter.8}% 25
\BOOKMARK [1][]{section.8.2}{\376\377\0008\000.\0002\000\040\000I\000n\000d\000e\000p\000e\000n\000d\000e\000n\000t\000\040\000R\000.\000V\000.\000'\000s}{chapter.8}% 26
\BOOKMARK [1][]{section.8.3}{\376\377\0008\000.\0003\000\040\000C\000o\000n\000d\000i\000t\000i\000o\000n\000a\000l\000\040\000D\000i\000s\000t\000r\000i\000b\000u\000t\000i\000o\000n\000s}{chapter.8}% 27
\BOOKMARK [1][]{section.8.4}{\376\377\0008\000.\0004\000\040\000T\000r\000a\000n\000s\000f\000o\000r\000m\000a\000t\000i\000o\000n\000s\000\040\000o\000f\000\040\000T\000w\000o\000\040\000R\000.\000V\000.\000'\000s}{chapter.8}% 28
\BOOKMARK [1][]{section.8.5}{\376\377\0008\000.\0005\000\040\000O\000r\000d\000e\000r\000\040\000S\000t\000a\000t\000i\000s\000t\000i\000c\000s}{chapter.8}% 29
\BOOKMARK [1][]{section.8.6}{\376\377\0008\000.\0006\000\040\000M\000u\000l\000t\000i\000n\000o\000m\000i\000a\000l\000\040\000D\000i\000s\000t\000r\000i\000b\000u\000t\000i\000o\000n\000s}{chapter.8}% 30
\BOOKMARK [0][]{chapter.9}{\376\377\0009\000\040\000M\000o\000r\000e\000\040\000E\000x\000p\000e\000c\000t\000a\000t\000i\000o\000n\000s\000\040\000a\000n\000d\000\040\000V\000a\000r\000i\000a\000n\000c\000e}{}% 31
\BOOKMARK [1][]{section.9.1}{\376\377\0009\000.\0001\000\040\000E\000x\000p\000e\000c\000t\000e\000d\000\040\000V\000a\000l\000u\000e\000s\000\040\000o\000f\000\040\000S\000u\000m\000s\000\040\000o\000f\000\040\000R\000.\000V\000.\000'\000s}{chapter.9}% 32
\BOOKMARK [1][]{section.9.2}{\376\377\0009\000.\0002\000\040\000C\000o\000v\000a\000r\000i\000a\000n\000c\000e\000\040\000a\000n\000d\000\040\000C\000o\000r\000r\000e\000l\000a\000t\000i\000o\000n\000\040\000C\000o\000e\000f\000f\000i\000c\000i\000e\000n\000t\000s}{chapter.9}% 33
\BOOKMARK [1][]{section.9.3}{\376\377\0009\000.\0003\000\040\000C\000o\000n\000d\000i\000t\000i\000o\000n\000i\000n\000g\000\040\000o\000n\000\040\000R\000.\000V\000.\000'\000s}{chapter.9}% 34
\BOOKMARK [1][]{section.9.4}{\376\377\0009\000.\0004\000\040\000B\000i\000v\000a\000r\000i\000a\000t\000e\000\040\000N\000o\000r\000m\000a\000l\000\040\000\050\000G\000a\000u\000s\000s\000i\000a\000n\000\051\000\040\000D\000i\000s\000t\000r\000i\000b\000u\000t\000i\000o\000n}{chapter.9}% 35
\BOOKMARK [0][]{chapter.10}{\376\377\0001\0000\000\040\000S\000u\000m\000s\000\040\000o\000f\000\040\000I\000n\000d\000e\000p\000e\000n\000d\000e\000n\000t\000\040\000R\000.\000V\000.\000'\000s\000\040\000a\000n\000d\000\040\000L\000i\000m\000i\000t\000\040\000T\000h\000e\000o\000r\000e\000m\000s}{}% 36
\BOOKMARK [1][]{section.10.1}{\376\377\0001\0000\000.\0001\000\040\000M\000o\000m\000e\000n\000t\000\040\000G\000e\000n\000e\000r\000a\000t\000i\000n\000g\000\040\000F\000u\000n\000c\000t\000i\000o\000n\000s}{chapter.10}% 37
\BOOKMARK [1][]{section.10.2}{\376\377\0001\0000\000.\0002\000\040\000S\000u\000m\000s\000\040\000o\000f\000\040\000I\000n\000d\000e\000p\000e\000n\000d\000e\000n\000t\000\040\000R\000.\000V\000.\000'\000s}{chapter.10}% 38
\BOOKMARK [1][]{section.10.3}{\376\377\0001\0000\000.\0003\000\040\000M\000a\000r\000k\000o\000v\000\040\000a\000n\000d\000\040\000C\000h\000e\000b\000y\000s\000h\000e\000v\000\040\000I\000n\000e\000q\000u\000a\000l\000i\000t\000i\000e\000s}{chapter.10}% 39
\BOOKMARK [1][]{section.10.4}{\376\377\0001\0000\000.\0004\000\040\000L\000a\000w\000s\000\040\000o\000f\000\040\000L\000a\000r\000g\000e\000\040\000N\000u\000m\000b\000e\000r\000s\000\040\000\050\000L\000L\000N\000'\000s\000\051}{chapter.10}% 40
\BOOKMARK [1][]{section.10.5}{\376\377\0001\0000\000.\0005\000\040\000C\000e\000n\000t\000r\000a\000l\000\040\000L\000i\000m\000i\000t\000\040\000T\000h\000e\000o\000r\000e\000m\000\040\000\050\000C\000L\000T\000\051}{chapter.10}% 41
